  AddRepair.cpp
  Bill.cpp
  Car.cpp
C:\Users\Tomás\Documents\GitHub\CO650_car_repair_shop\Car_Repair_Shop\Bill.cpp(16,30): warning C4996: 'localtime': This function or variable may be unsafe. Consider using localtime_s instead. To disable deprecation, use _CRT_SECURE_NO_WARNINGS. See online help for details.
C:\Users\Tomás\Documents\GitHub\CO650_car_repair_shop\Car_Repair_Shop\Bill.cpp(48,30): warning C4458: a declaração de 'discount' oculta o membro da classe
  C:\Users\Tomás\Documents\GitHub\CO650_car_repair_shop\Car_Repair_Shop\Bill.h(15,11):
  consulte a declaração de 'Bill::discount'
  
C:\Users\Tomás\Documents\GitHub\CO650_car_repair_shop\Car_Repair_Shop\Bill.cpp(54,28): warning C4458: a declaração de 'discount' oculta o membro da classe
  C:\Users\Tomás\Documents\GitHub\CO650_car_repair_shop\Car_Repair_Shop\Bill.h(15,11):
  consulte a declaração de 'Bill::discount'
  
C:\Users\Tomás\Documents\GitHub\CO650_car_repair_shop\Car_Repair_Shop\Bill.cpp(58,17): warning C4244: 'inicializando': conversão de 'int' para 'float', possível perda de dados
C:\Users\Tomás\Documents\GitHub\CO650_car_repair_shop\Car_Repair_Shop\Bill.cpp(72,32): warning C4458: a declaração de 'cardNumber' oculta o membro da classe
  C:\Users\Tomás\Documents\GitHub\CO650_car_repair_shop\Car_Repair_Shop\Bill.h(18,12):
  consulte a declaração de 'Bill::cardNumber'
  
C:\Users\Tomás\Documents\GitHub\CO650_car_repair_shop\Car_Repair_Shop\Bill.cpp(155,15): warning C4458: a declaração de 'discount' oculta o membro da classe
  C:\Users\Tomás\Documents\GitHub\CO650_car_repair_shop\Car_Repair_Shop\Bill.h(15,11):
  consulte a declaração de 'Bill::discount'
  
C:\Users\Tomás\Documents\GitHub\CO650_car_repair_shop\Car_Repair_Shop\Bill.cpp(163,13): warning C4458: a declaração de 'discount' oculta o membro da classe
  C:\Users\Tomás\Documents\GitHub\CO650_car_repair_shop\Car_Repair_Shop\Bill.h(15,11):
  consulte a declaração de 'Bill::discount'
  
  Dashboard.cpp
C:\Users\Tomás\Documents\GitHub\CO650_car_repair_shop\Car_Repair_Shop\Dashboard.cpp(55,36): warning C4458: a declaração de 'option' oculta o membro da classe
  C:\Users\Tomás\Documents\GitHub\CO650_car_repair_shop\Car_Repair_Shop\Dashboard.h(23,10):
  consulte a declaração de 'Dashboard::option'
  
C:\Users\Tomás\Documents\GitHub\CO650_car_repair_shop\Car_Repair_Shop\Dashboard.cpp(160,52): warning C4244: 'argumento': conversão de 'double' para 'float', possível perda de dados
  Date.cpp
  Exception.cpp
  Login.cpp
  main.cpp
  Motorcycle.cpp
  Payment.cpp
  PaymentGateway.cpp
C:\Users\Tomás\Documents\GitHub\CO650_car_repair_shop\Car_Repair_Shop\PaymentGateway.cpp(47,33): warning C4244: 'argumento': conversão de 'int' para 'u_short', possível perda de dados
  RegisterVehicle.cpp
  Repair.cpp
C:\Users\Tomás\Documents\GitHub\CO650_car_repair_shop\Car_Repair_Shop\Repair.cpp(32,33): warning C4458: a declaração de 'isRepaired' oculta o membro da classe
  C:\Users\Tomás\Documents\GitHub\CO650_car_repair_shop\Car_Repair_Shop\Repair.h(16,10):
  consulte a declaração de 'Repair::isRepaired'
  
C:\Users\Tomás\Documents\GitHub\CO650_car_repair_shop\Car_Repair_Shop\Repair.cpp(42,29): warning C4458: a declaração de 'cost' oculta o membro da classe
  C:\Users\Tomás\Documents\GitHub\CO650_car_repair_shop\Car_Repair_Shop\Repair.h(17,12):
  consulte a declaração de 'Repair::cost'
  
C:\Users\Tomás\Documents\GitHub\CO650_car_repair_shop\Car_Repair_Shop\Repair.cpp(95,36): warning C4267: 'inicializando': conversão de 'size_t' para 'int', possível perda de dados
C:\Users\Tomás\Documents\GitHub\CO650_car_repair_shop\Car_Repair_Shop\Repair.cpp(95,22): warning C4267: 'inicializando': conversão de 'size_t' para 'const int', possível perda de dados
C:\Users\Tomás\Documents\GitHub\CO650_car_repair_shop\Car_Repair_Shop\Repair.cpp(99,25): warning C4244: '=': conversão de 'int' para 'char', possível perda de dados
C:\Users\Tomás\Documents\GitHub\CO650_car_repair_shop\Car_Repair_Shop\Repair.cpp(97,5): warning C4996: 'strcpy': This function or variable may be unsafe. Consider using strcpy_s instead. To disable deprecation, use _CRT_SECURE_NO_WARNINGS. See online help for details.
  Van.cpp
  Vehicle.cpp
C:\Users\Tomás\Documents\GitHub\CO650_car_repair_shop\Car_Repair_Shop\Vehicle.cpp(24,32): warning C4458: a declaração de 'plate' oculta o membro da classe
  C:\Users\Tomás\Documents\GitHub\CO650_car_repair_shop\Car_Repair_Shop\Vehicle.h(21,12):
  consulte a declaração de 'Vehicle::plate'
  
C:\Users\Tomás\Documents\GitHub\CO650_car_repair_shop\Car_Repair_Shop\Vehicle.cpp(34,32): warning C4458: a declaração de 'owner' oculta o membro da classe
  C:\Users\Tomás\Documents\GitHub\CO650_car_repair_shop\Car_Repair_Shop\Vehicle.h(22,12):
  consulte a declaração de 'Vehicle::owner'
  
C:\Users\Tomás\Documents\GitHub\CO650_car_repair_shop\Car_Repair_Shop\Vehicle.cpp(54,32): warning C4458: a declaração de 'color' oculta o membro da classe
  C:\Users\Tomás\Documents\GitHub\CO650_car_repair_shop\Car_Repair_Shop\Vehicle.h(25,12):
  consulte a declaração de 'Vehicle::color'
  
  Gerando Código...
C:\Users\Tomás\Documents\GitHub\CO650_car_repair_shop\Car_Repair_Shop\PaymentGateway.cpp(30): warning C4715: 'PaymentGateway::initialise': nem todos os caminhos de controle retornam um valor
  Car_Repair_Shop.vcxproj -> C:\Users\Tomás\Documents\GitHub\CO650_car_repair_shop\Car_Repair_Shop\x64\Debug\Car_Repair_Shop.exe
